<?xml version="1.0" encoding="UTF-8"?>
<!-- Generated by org.testng.reporters.JUnitXMLReporter -->
<testsuite ignored="0" hostname="INDPRFTCPL1189" failures="0" tests="3" name="Default test" time="44.57" errors="0" timestamp="2025-10-24T13:55:05 IST">
  <testcase classname="tests.RegistrationTest" name="testInvalidRegistration" time="12.769"/>
  <testcase classname="tests.RegistrationTest" name="testInvalidRegistration" time="7.859"/>
  <testcase classname="tests.RegistrationTest" name="testValidRegistration" time="15.654"/>
</testsuite> <!-- Default test -->
