<?xml version="1.0" encoding="UTF-8"?>
<testng-results ignored="0" total="3" passed="3" failed="0" skipped="0">
  <reporter-output>
  </reporter-output>
  <suite started-at="2025-10-24T13:54:20 IST" name="Default suite" finished-at="2025-10-24T13:55:05 IST" duration-ms="44570">
    <groups>
    </groups>
    <test started-at="2025-10-24T13:54:20 IST" name="Default test" finished-at="2025-10-24T13:55:05 IST" duration-ms="44570">
      <class name="tests.RegistrationTest">
        <test-method is-config="true" signature="setupExtent()[pri:0, instance:tests.RegistrationTest@2b71e916]" started-at="2025-10-24T13:54:20 IST" name="setupExtent" finished-at="2025-10-24T13:54:20 IST" duration-ms="349" status="PASS">
          <reporter-output>
          </reporter-output>
        </test-method> <!-- setupExtent -->
        <test-method is-config="true" signature="setUp()[pri:0, instance:tests.RegistrationTest@2b71e916]" started-at="2025-10-24T13:54:22 IST" name="setUp" finished-at="2025-10-24T13:54:24 IST" duration-ms="2943" status="PASS">
          <reporter-output>
          </reporter-output>
        </test-method> <!-- setUp -->
        <test-method signature="testInvalidRegistration(java.lang.String,java.lang.String,java.lang.String,java.lang.String,java.lang.String,java.lang.String,java.lang.String,java.lang.String,java.lang.String,java.lang.String)[pri:0, instance:tests.RegistrationTest@2b71e916]" started-at="2025-10-24T13:54:24 IST" name="testInvalidRegistration" data-provider="invalidRegistrationData" finished-at="2025-10-24T13:54:37 IST" duration-ms="12769" status="PASS">
          <params>
            <param index="0">
              <value>
                <![CDATA[Invalid]]>
              </value>
            </param>
            <param index="1">
              <value>
                <![CDATA[]]>
              </value>
            </param>
            <param index="2">
              <value>
                <![CDATA[Sharma]]>
              </value>
            </param>
            <param index="3">
              <value>
                <![CDATA[aditya.sharma@gmail.com]]>
              </value>
            </param>
            <param index="4">
              <value>
                <![CDATA[Female]]>
              </value>
            </param>
            <param index="5">
              <value>
                <![CDATA[1234567890]]>
              </value>
            </param>
            <param index="6">
              <value>
                <![CDATA[10 July 2004]]>
              </value>
            </param>
            <param index="7">
              <value>
                <![CDATA[Math]]>
              </value>
            </param>
            <param index="8">
              <value>
                <![CDATA[456 Oak Avenue, Town, Country]]>
              </value>
            </param>
            <param index="9">
              <value>
                <![CDATA[First name]]>
              </value>
            </param>
          </params>
          <reporter-output>
          </reporter-output>
        </test-method> <!-- testInvalidRegistration -->
        <test-method is-config="true" signature="tearDownMethod(org.testng.ITestResult)[pri:0, instance:tests.RegistrationTest@2b71e916]" started-at="2025-10-24T13:54:37 IST" name="tearDownMethod" finished-at="2025-10-24T13:54:38 IST" duration-ms="363" status="PASS">
          <params>
            <param index="0">
              <value>
                <![CDATA[[TestResult name=testInvalidRegistration status=SUCCESS method=RegistrationTest.testInvalidRegistration(java.lang.String,java.lang.String,java.lang.String,java.lang.String,java.lang.String,java.lang.String,java.lang.String,java.lang.String,java.lang.String,java.lang.String)[pri:0, instance:tests.RegistrationTest@2b71e916] output={null}]]]>
              </value>
            </param>
          </params>
          <reporter-output>
          </reporter-output>
        </test-method> <!-- tearDownMethod -->
        <test-method is-config="true" signature="tearDownTest(org.testng.ITestResult)[pri:0, instance:tests.RegistrationTest@2b71e916]" started-at="2025-10-24T13:54:38 IST" name="tearDownTest" finished-at="2025-10-24T13:54:38 IST" duration-ms="3" status="PASS">
          <params>
            <param index="0">
              <value>
                <![CDATA[[TestResult name=testInvalidRegistration status=SUCCESS method=RegistrationTest.testInvalidRegistration(java.lang.String,java.lang.String,java.lang.String,java.lang.String,java.lang.String,java.lang.String,java.lang.String,java.lang.String,java.lang.String,java.lang.String)[pri:0, instance:tests.RegistrationTest@2b71e916] output={null}]]]>
              </value>
            </param>
          </params>
          <reporter-output>
          </reporter-output>
        </test-method> <!-- tearDownTest -->
        <test-method is-config="true" signature="setUp()[pri:0, instance:tests.RegistrationTest@2b71e916]" started-at="2025-10-24T13:54:38 IST" name="setUp" finished-at="2025-10-24T13:54:39 IST" duration-ms="1503" status="PASS">
          <reporter-output>
          </reporter-output>
        </test-method> <!-- setUp -->
        <test-method signature="testInvalidRegistration(java.lang.String,java.lang.String,java.lang.String,java.lang.String,java.lang.String,java.lang.String,java.lang.String,java.lang.String,java.lang.String,java.lang.String)[pri:0, instance:tests.RegistrationTest@2b71e916]" started-at="2025-10-24T13:54:39 IST" name="testInvalidRegistration" data-provider="invalidRegistrationData" finished-at="2025-10-24T13:54:47 IST" duration-ms="7859" status="PASS">
          <params>
            <param index="0">
              <value>
                <![CDATA[Invalid]]>
              </value>
            </param>
            <param index="1">
              <value>
                <![CDATA[Aditi]]>
              </value>
            </param>
            <param index="2">
              <value>
                <![CDATA[]]>
              </value>
            </param>
            <param index="3">
              <value>
                <![CDATA[aditya.sharma@gmail.com]]>
              </value>
            </param>
            <param index="4">
              <value>
                <![CDATA[Female]]>
              </value>
            </param>
            <param index="5">
              <value>
                <![CDATA[1234567891]]>
              </value>
            </param>
            <param index="6">
              <value>
                <![CDATA[11 July 2004]]>
              </value>
            </param>
            <param index="7">
              <value>
                <![CDATA[Math]]>
              </value>
            </param>
            <param index="8">
              <value>
                <![CDATA[457 Oak Avenue, Town, Country]]>
              </value>
            </param>
            <param index="9">
              <value>
                <![CDATA[Last name]]>
              </value>
            </param>
          </params>
          <reporter-output>
          </reporter-output>
        </test-method> <!-- testInvalidRegistration -->
        <test-method is-config="true" signature="tearDownMethod(org.testng.ITestResult)[pri:0, instance:tests.RegistrationTest@2b71e916]" started-at="2025-10-24T13:54:47 IST" name="tearDownMethod" finished-at="2025-10-24T13:54:47 IST" duration-ms="302" status="PASS">
          <params>
            <param index="0">
              <value>
                <![CDATA[[TestResult name=testInvalidRegistration status=SUCCESS method=RegistrationTest.testInvalidRegistration(java.lang.String,java.lang.String,java.lang.String,java.lang.String,java.lang.String,java.lang.String,java.lang.String,java.lang.String,java.lang.String,java.lang.String)[pri:0, instance:tests.RegistrationTest@2b71e916] output={null}]]]>
              </value>
            </param>
          </params>
          <reporter-output>
          </reporter-output>
        </test-method> <!-- tearDownMethod -->
        <test-method is-config="true" signature="tearDownTest(org.testng.ITestResult)[pri:0, instance:tests.RegistrationTest@2b71e916]" started-at="2025-10-24T13:54:47 IST" name="tearDownTest" finished-at="2025-10-24T13:54:47 IST" duration-ms="0" status="PASS">
          <params>
            <param index="0">
              <value>
                <![CDATA[[TestResult name=testInvalidRegistration status=SUCCESS method=RegistrationTest.testInvalidRegistration(java.lang.String,java.lang.String,java.lang.String,java.lang.String,java.lang.String,java.lang.String,java.lang.String,java.lang.String,java.lang.String,java.lang.String)[pri:0, instance:tests.RegistrationTest@2b71e916] output={null}]]]>
              </value>
            </param>
          </params>
          <reporter-output>
          </reporter-output>
        </test-method> <!-- tearDownTest -->
        <test-method is-config="true" signature="setUp()[pri:0, instance:tests.RegistrationTest@2b71e916]" started-at="2025-10-24T13:54:47 IST" name="setUp" finished-at="2025-10-24T13:54:49 IST" duration-ms="1545" status="PASS">
          <reporter-output>
          </reporter-output>
        </test-method> <!-- setUp -->
        <test-method signature="testValidRegistration(java.lang.String,java.lang.String,java.lang.String,java.lang.String,java.lang.String,java.lang.String,java.lang.String,java.lang.String,java.lang.String,java.lang.String)[pri:0, instance:tests.RegistrationTest@2b71e916]" started-at="2025-10-24T13:54:49 IST" name="testValidRegistration" data-provider="validRegistrationData" finished-at="2025-10-24T13:55:04 IST" duration-ms="15654" status="PASS">
          <params>
            <param index="0">
              <value>
                <![CDATA[Valid]]>
              </value>
            </param>
            <param index="1">
              <value>
                <![CDATA[Aryan]]>
              </value>
            </param>
            <param index="2">
              <value>
                <![CDATA[Sinha]]>
              </value>
            </param>
            <param index="3">
              <value>
                <![CDATA[aryan.sinha@gmail.com]]>
              </value>
            </param>
            <param index="4">
              <value>
                <![CDATA[Male]]>
              </value>
            </param>
            <param index="5">
              <value>
                <![CDATA[1234567890]]>
              </value>
            </param>
            <param index="6">
              <value>
                <![CDATA[11 September 2003]]>
              </value>
            </param>
            <param index="7">
              <value>
                <![CDATA[English]]>
              </value>
            </param>
            <param index="8">
              <value>
                <![CDATA[123 Main Street, City, State]]>
              </value>
            </param>
            <param index="9">
              <value>
                <![CDATA[]]>
              </value>
            </param>
          </params>
          <reporter-output>
          </reporter-output>
        </test-method> <!-- testValidRegistration -->
        <test-method is-config="true" signature="tearDownMethod(org.testng.ITestResult)[pri:0, instance:tests.RegistrationTest@2b71e916]" started-at="2025-10-24T13:55:04 IST" name="tearDownMethod" finished-at="2025-10-24T13:55:05 IST" duration-ms="370" status="PASS">
          <params>
            <param index="0">
              <value>
                <![CDATA[[TestResult name=testValidRegistration status=SUCCESS method=RegistrationTest.testValidRegistration(java.lang.String,java.lang.String,java.lang.String,java.lang.String,java.lang.String,java.lang.String,java.lang.String,java.lang.String,java.lang.String,java.lang.String)[pri:0, instance:tests.RegistrationTest@2b71e916] output={null}]]]>
              </value>
            </param>
          </params>
          <reporter-output>
          </reporter-output>
        </test-method> <!-- tearDownMethod -->
        <test-method is-config="true" signature="tearDownTest(org.testng.ITestResult)[pri:0, instance:tests.RegistrationTest@2b71e916]" started-at="2025-10-24T13:55:05 IST" name="tearDownTest" finished-at="2025-10-24T13:55:05 IST" duration-ms="0" status="PASS">
          <params>
            <param index="0">
              <value>
                <![CDATA[[TestResult name=testValidRegistration status=SUCCESS method=RegistrationTest.testValidRegistration(java.lang.String,java.lang.String,java.lang.String,java.lang.String,java.lang.String,java.lang.String,java.lang.String,java.lang.String,java.lang.String,java.lang.String)[pri:0, instance:tests.RegistrationTest@2b71e916] output={null}]]]>
              </value>
            </param>
          </params>
          <reporter-output>
          </reporter-output>
        </test-method> <!-- tearDownTest -->
        <test-method is-config="true" signature="tearDownExtent()[pri:0, instance:tests.RegistrationTest@2b71e916]" started-at="2025-10-24T13:55:05 IST" name="tearDownExtent" finished-at="2025-10-24T13:55:05 IST" duration-ms="343" status="PASS">
          <reporter-output>
          </reporter-output>
        </test-method> <!-- tearDownExtent -->
      </class> <!-- tests.RegistrationTest -->
    </test> <!-- Default test -->
  </suite> <!-- Default suite -->
</testng-results>
